------------------------------------------------------------------------------------------------------------------------

[2022-10-26 10:13:42 #1 store] 
Database 'C:\Users\34618\git\proiektuaSI2\src\main\resources\bets.temp' has been recovered (tr. 317-323)

[2022-10-26 10:13:42 #2 store] 
Database 'C:\Users\34618\git\proiektuaSI2\src\main\resources\bets.temp' is opened by 12308@LAPTOP-18ORFK1V

[2022-10-26 10:13:43 #3 type] 
Type domain.Team is not enhanced.

[2022-10-26 10:13:43 #4 type] 
Type domain.Event is not enhanced.

[2022-10-26 10:13:43 #5 type] 
Type domain.User is not enhanced.

[2022-10-26 10:13:43 #6 type] 
Type domain.Registered is not enhanced.

[2022-10-26 10:13:43 #7 type] 
Type domain.Sport is not enhanced.

[2022-10-26 10:13:43 #8 type] 
Type domain.Question is not enhanced.

[2022-10-26 10:13:43 #9 type] 
Type domain.Elkarrizketa is not enhanced.

[2022-10-26 10:13:43 #10 type] 
Type domain.Message is not enhanced.

[2022-10-26 10:13:43 #11 type] 
Type domain.KirolEstatistikak is not enhanced.

[2022-10-26 10:13:43 #12 type] 
Type domain.Jarraitzailea is not enhanced.

[2022-10-26 10:13:43 #13 type] 
Type domain.ApustuAnitza is not enhanced.

[2022-10-26 10:13:43 #14 type] 
Type domain.Transaction is not enhanced.

[2022-10-26 10:13:43 #15 type] 
Type domain.Quote is not enhanced.

[2022-10-26 10:13:43 #16 type] 
Type domain.Apustua is not enhanced.

[2022-10-26 10:13:43 #17 type] 
Type domain.Admin is not enhanced.

------------------------------------------------------------------------------------------------------------------------

[2022-10-26 10:14:47 #1 store] 
Database 'C:\Users\34618\git\proiektuaSI2\src\main\resources\bets.temp' has been recovered (tr. 324-340)

[2022-10-26 10:14:47 #2 store] 
Database 'C:\Users\34618\git\proiektuaSI2\src\main\resources\bets.temp' is opened by 18648@LAPTOP-18ORFK1V

[2022-10-26 10:14:47 #3 type] 
Type domain.Team is not enhanced.

[2022-10-26 10:14:47 #4 type] 
Type domain.Event is not enhanced.

[2022-10-26 10:14:47 #5 type] 
Type domain.User is not enhanced.

[2022-10-26 10:14:47 #6 type] 
Type domain.Registered is not enhanced.

[2022-10-26 10:14:47 #7 type] 
Type domain.Sport is not enhanced.

[2022-10-26 10:14:47 #8 type] 
Type domain.Question is not enhanced.

[2022-10-26 10:14:47 #9 type] 
Type domain.Elkarrizketa is not enhanced.

[2022-10-26 10:14:47 #10 type] 
Type domain.Message is not enhanced.

[2022-10-26 10:14:47 #11 type] 
Type domain.KirolEstatistikak is not enhanced.

[2022-10-26 10:14:47 #12 type] 
Type domain.Jarraitzailea is not enhanced.

[2022-10-26 10:14:47 #13 type] 
Type domain.ApustuAnitza is not enhanced.

[2022-10-26 10:14:47 #14 type] 
Type domain.Transaction is not enhanced.

[2022-10-26 10:14:47 #15 type] 
Type domain.Quote is not enhanced.

[2022-10-26 10:14:47 #16 type] 
Type domain.Apustua is not enhanced.

[2022-10-26 10:14:47 #17 type] 
Type domain.Admin is not enhanced.

------------------------------------------------------------------------------------------------------------------------

[2022-10-26 10:15:06 #1 store] 
Database 'C:\Users\34618\git\proiektuaSI2\src\main\resources\bets.temp' is opened by 3216@LAPTOP-18ORFK1V

[2022-10-26 10:15:07 #2 type.registry] 
New type domain.Team

[2022-10-26 10:15:07 #3 type] 
Type domain.Team is not enhanced.

[2022-10-26 10:15:07 #4 type.registry] 
New type domain.Event

[2022-10-26 10:15:07 #5 type.registry] 
New type java.util.Vector<domain.Event>

[2022-10-26 10:15:07 #6 type.registry] 
New type domain.User

[2022-10-26 10:15:07 #7 type.registry] 
New type domain.Registered

[2022-10-26 10:15:07 #8 type.registry] 
New type java.util.Vector<domain.Registered>

[2022-10-26 10:15:07 #9 type] 
Type domain.Event is not enhanced.

[2022-10-26 10:15:07 #10 type.registry] 
New type domain.Sport

[2022-10-26 10:15:07 #11 type.registry] 
New type domain.Question

[2022-10-26 10:15:07 #12 type.registry] 
New type java.util.Vector<domain.Question>

[2022-10-26 10:15:07 #13 type] 
Type domain.User is not enhanced.

[2022-10-26 10:15:07 #14 type.registry] 
New type domain.Elkarrizketa

[2022-10-26 10:15:07 #15 type.registry] 
New type java.util.Vector<domain.Elkarrizketa>

[2022-10-26 10:15:07 #16 type.registry] 
New type domain.Message

[2022-10-26 10:15:07 #17 type.registry] 
New type java.util.Vector<domain.Message>

[2022-10-26 10:15:07 #18 type] 
Type domain.Registered is not enhanced.

[2022-10-26 10:15:07 #19 type.registry] 
New type domain.KirolEstatistikak

[2022-10-26 10:15:07 #20 type.registry] 
New type java.util.Vector<domain.KirolEstatistikak>

[2022-10-26 10:15:07 #21 type.registry] 
New type domain.Jarraitzailea

[2022-10-26 10:15:07 #22 type.registry] 
New type java.util.Vector<domain.Jarraitzailea>

[2022-10-26 10:15:07 #23 type.registry] 
New type domain.ApustuAnitza

[2022-10-26 10:15:07 #24 type.registry] 
New type java.util.Vector<domain.ApustuAnitza>

[2022-10-26 10:15:07 #25 type.registry] 
New type domain.Transaction

[2022-10-26 10:15:07 #26 type.registry] 
New type java.util.Vector<domain.Transaction>

[2022-10-26 10:15:07 #27 type] 
Type domain.Sport is not enhanced.

[2022-10-26 10:15:07 #28 type] 
Type domain.Question is not enhanced.

[2022-10-26 10:15:07 #29 type.registry] 
New type domain.Quote

[2022-10-26 10:15:07 #30 type.registry] 
New type java.util.Vector<domain.Quote>

[2022-10-26 10:15:07 #31 type] 
Type domain.Elkarrizketa is not enhanced.

[2022-10-26 10:15:07 #32 type] 
Type domain.Message is not enhanced.

[2022-10-26 10:15:07 #33 type] 
Type domain.KirolEstatistikak is not enhanced.

[2022-10-26 10:15:07 #34 type] 
Type domain.Jarraitzailea is not enhanced.

[2022-10-26 10:15:07 #35 type] 
Type domain.ApustuAnitza is not enhanced.

[2022-10-26 10:15:07 #36 type.registry] 
New type domain.Apustua

[2022-10-26 10:15:07 #37 type.registry] 
New type java.util.Vector<domain.Apustua>

[2022-10-26 10:15:07 #38 type] 
Type domain.Transaction is not enhanced.

[2022-10-26 10:15:07 #39 type] 
Type domain.Quote is not enhanced.

[2022-10-26 10:15:07 #40 type] 
Type domain.Apustua is not enhanced.

------------------------------------------------------------------------------------------------------------------------

[2022-10-26 10:16:33 #1 store] 
Database 'C:\Users\34618\git\proiektuaSI2\src\main\resources\bets.temp' is opened by 18172@LAPTOP-18ORFK1V

[2022-10-26 10:16:33 #2 type.registry] 
New type domain.Team

[2022-10-26 10:16:33 #3 type] 
Type domain.Team is not enhanced.

[2022-10-26 10:16:33 #4 type.registry] 
New type domain.Event

[2022-10-26 10:16:33 #5 type.registry] 
New type java.util.Vector<domain.Event>

[2022-10-26 10:16:33 #6 type.registry] 
New type domain.User

[2022-10-26 10:16:33 #7 type.registry] 
New type domain.Registered

[2022-10-26 10:16:33 #8 type.registry] 
New type java.util.Vector<domain.Registered>

[2022-10-26 10:16:33 #9 type] 
Type domain.Event is not enhanced.

[2022-10-26 10:16:33 #10 type.registry] 
New type domain.Sport

[2022-10-26 10:16:33 #11 type.registry] 
New type domain.Question

[2022-10-26 10:16:33 #12 type.registry] 
New type java.util.Vector<domain.Question>

[2022-10-26 10:16:33 #13 type] 
Type domain.User is not enhanced.

[2022-10-26 10:16:33 #14 type.registry] 
New type domain.Elkarrizketa

[2022-10-26 10:16:33 #15 type.registry] 
New type java.util.Vector<domain.Elkarrizketa>

[2022-10-26 10:16:33 #16 type.registry] 
New type domain.Message

[2022-10-26 10:16:33 #17 type.registry] 
New type java.util.Vector<domain.Message>

[2022-10-26 10:16:33 #18 type] 
Type domain.Registered is not enhanced.

[2022-10-26 10:16:33 #19 type.registry] 
New type domain.KirolEstatistikak

[2022-10-26 10:16:33 #20 type.registry] 
New type java.util.Vector<domain.KirolEstatistikak>

[2022-10-26 10:16:33 #21 type.registry] 
New type domain.Jarraitzailea

[2022-10-26 10:16:33 #22 type.registry] 
New type java.util.Vector<domain.Jarraitzailea>

[2022-10-26 10:16:33 #23 type.registry] 
New type domain.ApustuAnitza

[2022-10-26 10:16:33 #24 type.registry] 
New type java.util.Vector<domain.ApustuAnitza>

[2022-10-26 10:16:33 #25 type.registry] 
New type domain.Transaction

[2022-10-26 10:16:33 #26 type.registry] 
New type java.util.Vector<domain.Transaction>

[2022-10-26 10:16:33 #27 type] 
Type domain.Sport is not enhanced.

[2022-10-26 10:16:33 #28 type] 
Type domain.Question is not enhanced.

[2022-10-26 10:16:33 #29 type.registry] 
New type domain.Quote

[2022-10-26 10:16:33 #30 type.registry] 
New type java.util.Vector<domain.Quote>

[2022-10-26 10:16:33 #31 type] 
Type domain.Elkarrizketa is not enhanced.

[2022-10-26 10:16:33 #32 type] 
Type domain.Message is not enhanced.

[2022-10-26 10:16:33 #33 type] 
Type domain.KirolEstatistikak is not enhanced.

[2022-10-26 10:16:33 #34 type] 
Type domain.Jarraitzailea is not enhanced.

[2022-10-26 10:16:33 #35 type] 
Type domain.ApustuAnitza is not enhanced.

[2022-10-26 10:16:33 #36 type.registry] 
New type domain.Apustua

[2022-10-26 10:16:33 #37 type.registry] 
New type java.util.Vector<domain.Apustua>

[2022-10-26 10:16:33 #38 type] 
Type domain.Transaction is not enhanced.

[2022-10-26 10:16:33 #39 type] 
Type domain.Quote is not enhanced.

[2022-10-26 10:16:33 #40 type] 
Type domain.Apustua is not enhanced.

[2022-10-26 10:16:33 #41 type.registry] 
New type domain.Admin

[2022-10-26 10:16:33 #42 type] 
Type domain.Admin is not enhanced.

[2022-10-26 10:16:33 #43 type.registry] 
New type java.util.Vector<java.lang.Object>

------------------------------------------------------------------------------------------------------------------------

[2022-10-26 10:16:48 #1 store] 
Database 'C:\Users\34618\git\proiektuaSI2\src\main\resources\bets.temp' has been recovered (tr. 1-10)

[2022-10-26 10:16:48 #2 store] 
Database 'C:\Users\34618\git\proiektuaSI2\src\main\resources\bets.temp' is opened by 16160@LAPTOP-18ORFK1V

[2022-10-26 10:16:48 #3 type] 
Type domain.Team is not enhanced.

[2022-10-26 10:16:48 #4 type] 
Type domain.Event is not enhanced.

[2022-10-26 10:16:48 #5 type] 
Type domain.User is not enhanced.

[2022-10-26 10:16:48 #6 type] 
Type domain.Registered is not enhanced.

[2022-10-26 10:16:48 #7 type] 
Type domain.Sport is not enhanced.

[2022-10-26 10:16:48 #8 type] 
Type domain.Question is not enhanced.

[2022-10-26 10:16:48 #9 type] 
Type domain.Elkarrizketa is not enhanced.

[2022-10-26 10:16:48 #10 type] 
Type domain.Message is not enhanced.

[2022-10-26 10:16:48 #11 type] 
Type domain.KirolEstatistikak is not enhanced.

[2022-10-26 10:16:48 #12 type] 
Type domain.Jarraitzailea is not enhanced.

[2022-10-26 10:16:48 #13 type] 
Type domain.ApustuAnitza is not enhanced.

[2022-10-26 10:16:48 #14 type] 
Type domain.Transaction is not enhanced.

[2022-10-26 10:16:48 #15 type] 
Type domain.Quote is not enhanced.

[2022-10-26 10:16:48 #16 type] 
Type domain.Apustua is not enhanced.

[2022-10-26 10:16:48 #17 type] 
Type domain.Admin is not enhanced.

------------------------------------------------------------------------------------------------------------------------

[2022-10-26 10:17:37 #1 store] 
Database 'C:\Users\34618\git\proiektuaSI2\src\main\resources\bets.temp' is opened by 984@LAPTOP-18ORFK1V

[2022-10-26 10:17:37 #2 type.registry] 
New type domain.Team

[2022-10-26 10:17:37 #3 type] 
Type domain.Team is not enhanced.

[2022-10-26 10:17:37 #4 type.registry] 
New type domain.Event

[2022-10-26 10:17:37 #5 type.registry] 
New type java.util.Vector<domain.Event>

[2022-10-26 10:17:37 #6 type.registry] 
New type domain.User

[2022-10-26 10:17:37 #7 type.registry] 
New type domain.Registered

[2022-10-26 10:17:37 #8 type.registry] 
New type java.util.Vector<domain.Registered>

[2022-10-26 10:17:37 #9 type] 
Type domain.Event is not enhanced.

[2022-10-26 10:17:37 #10 type.registry] 
New type domain.Sport

[2022-10-26 10:17:37 #11 type.registry] 
New type domain.Question

[2022-10-26 10:17:37 #12 type.registry] 
New type java.util.Vector<domain.Question>

[2022-10-26 10:17:37 #13 type] 
Type domain.User is not enhanced.

[2022-10-26 10:17:37 #14 type.registry] 
New type domain.Elkarrizketa

[2022-10-26 10:17:37 #15 type.registry] 
New type java.util.Vector<domain.Elkarrizketa>

[2022-10-26 10:17:37 #16 type.registry] 
New type domain.Message

[2022-10-26 10:17:37 #17 type.registry] 
New type java.util.Vector<domain.Message>

[2022-10-26 10:17:37 #18 type] 
Type domain.Registered is not enhanced.

[2022-10-26 10:17:37 #19 type.registry] 
New type domain.KirolEstatistikak

[2022-10-26 10:17:37 #20 type.registry] 
New type java.util.Vector<domain.KirolEstatistikak>

[2022-10-26 10:17:37 #21 type.registry] 
New type domain.Jarraitzailea

[2022-10-26 10:17:37 #22 type.registry] 
New type java.util.Vector<domain.Jarraitzailea>

[2022-10-26 10:17:37 #23 type.registry] 
New type domain.ApustuAnitza

[2022-10-26 10:17:37 #24 type.registry] 
New type java.util.Vector<domain.ApustuAnitza>

[2022-10-26 10:17:37 #25 type.registry] 
New type domain.Transaction

[2022-10-26 10:17:37 #26 type.registry] 
New type java.util.Vector<domain.Transaction>

[2022-10-26 10:17:37 #27 type] 
Type domain.Sport is not enhanced.

[2022-10-26 10:17:37 #28 type] 
Type domain.Question is not enhanced.

[2022-10-26 10:17:37 #29 type.registry] 
New type domain.Quote

[2022-10-26 10:17:37 #30 type.registry] 
New type java.util.Vector<domain.Quote>

[2022-10-26 10:17:37 #31 type] 
Type domain.Elkarrizketa is not enhanced.

[2022-10-26 10:17:37 #32 type] 
Type domain.Message is not enhanced.

[2022-10-26 10:17:37 #33 type] 
Type domain.KirolEstatistikak is not enhanced.

[2022-10-26 10:17:37 #34 type] 
Type domain.Jarraitzailea is not enhanced.

[2022-10-26 10:17:37 #35 type] 
Type domain.ApustuAnitza is not enhanced.

[2022-10-26 10:17:37 #36 type.registry] 
New type domain.Apustua

[2022-10-26 10:17:37 #37 type.registry] 
New type java.util.Vector<domain.Apustua>

[2022-10-26 10:17:37 #38 type] 
Type domain.Transaction is not enhanced.

[2022-10-26 10:17:37 #39 type] 
Type domain.Quote is not enhanced.

[2022-10-26 10:17:37 #40 type] 
Type domain.Apustua is not enhanced.

[2022-10-26 10:17:37 #41 type.registry] 
New type domain.Admin

[2022-10-26 10:17:37 #42 type] 
Type domain.Admin is not enhanced.

[2022-10-26 10:17:37 #43 type.registry] 
New type java.util.Vector<java.lang.Object>

------------------------------------------------------------------------------------------------------------------------

[2022-10-26 10:18:48 #1 store] 
Database 'C:\Users\34618\git\proiektuaSI2\src\main\resources\bets.temp' is opened by 17752@LAPTOP-18ORFK1V

[2022-10-26 10:18:48 #2 type.registry] 
New type domain.Team

[2022-10-26 10:18:48 #3 type] 
Type domain.Team is not enhanced.

[2022-10-26 10:18:48 #4 type.registry] 
New type domain.Event

[2022-10-26 10:18:48 #5 type.registry] 
New type java.util.Vector<domain.Event>

[2022-10-26 10:18:48 #6 type.registry] 
New type domain.User

[2022-10-26 10:18:48 #7 type.registry] 
New type domain.Registered

[2022-10-26 10:18:48 #8 type.registry] 
New type java.util.Vector<domain.Registered>

[2022-10-26 10:18:48 #9 type] 
Type domain.Event is not enhanced.

[2022-10-26 10:18:48 #10 type.registry] 
New type domain.Sport

[2022-10-26 10:18:48 #11 type.registry] 
New type domain.Question

[2022-10-26 10:18:48 #12 type.registry] 
New type java.util.Vector<domain.Question>

[2022-10-26 10:18:48 #13 type] 
Type domain.User is not enhanced.

[2022-10-26 10:18:48 #14 type.registry] 
New type domain.Elkarrizketa

[2022-10-26 10:18:48 #15 type.registry] 
New type java.util.Vector<domain.Elkarrizketa>

[2022-10-26 10:18:48 #16 type.registry] 
New type domain.Message

[2022-10-26 10:18:48 #17 type.registry] 
New type java.util.Vector<domain.Message>

[2022-10-26 10:18:48 #18 type] 
Type domain.Registered is not enhanced.

[2022-10-26 10:18:48 #19 type.registry] 
New type domain.KirolEstatistikak

[2022-10-26 10:18:48 #20 type.registry] 
New type java.util.Vector<domain.KirolEstatistikak>

[2022-10-26 10:18:48 #21 type.registry] 
New type domain.Jarraitzailea

[2022-10-26 10:18:48 #22 type.registry] 
New type java.util.Vector<domain.Jarraitzailea>

[2022-10-26 10:18:48 #23 type.registry] 
New type domain.ApustuAnitza

[2022-10-26 10:18:48 #24 type.registry] 
New type java.util.Vector<domain.ApustuAnitza>

[2022-10-26 10:18:48 #25 type.registry] 
New type domain.Transaction

[2022-10-26 10:18:48 #26 type.registry] 
New type java.util.Vector<domain.Transaction>

[2022-10-26 10:18:48 #27 type] 
Type domain.Sport is not enhanced.

[2022-10-26 10:18:48 #28 type] 
Type domain.Question is not enhanced.

[2022-10-26 10:18:48 #29 type.registry] 
New type domain.Quote

[2022-10-26 10:18:48 #30 type.registry] 
New type java.util.Vector<domain.Quote>

[2022-10-26 10:18:48 #31 type] 
Type domain.Elkarrizketa is not enhanced.

[2022-10-26 10:18:48 #32 type] 
Type domain.Message is not enhanced.

[2022-10-26 10:18:48 #33 type] 
Type domain.KirolEstatistikak is not enhanced.

[2022-10-26 10:18:48 #34 type] 
Type domain.Jarraitzailea is not enhanced.

[2022-10-26 10:18:48 #35 type] 
Type domain.ApustuAnitza is not enhanced.

[2022-10-26 10:18:48 #36 type.registry] 
New type domain.Apustua

[2022-10-26 10:18:48 #37 type.registry] 
New type java.util.Vector<domain.Apustua>

[2022-10-26 10:18:48 #38 type] 
Type domain.Transaction is not enhanced.

[2022-10-26 10:18:48 #39 type] 
Type domain.Quote is not enhanced.

[2022-10-26 10:18:48 #40 type] 
Type domain.Apustua is not enhanced.

[2022-10-26 10:18:48 #41 type.registry] 
New type domain.Admin

[2022-10-26 10:18:48 #42 type] 
Type domain.Admin is not enhanced.

[2022-10-26 10:18:48 #43 type.registry] 
New type java.util.Vector<java.lang.Object>

------------------------------------------------------------------------------------------------------------------------

[2022-10-26 10:18:58 #1 store] 
Database 'C:\Users\34618\git\proiektuaSI2\src\main\resources\bets.temp' has been recovered (tr. 1-10)

[2022-10-26 10:18:58 #2 store] 
Database 'C:\Users\34618\git\proiektuaSI2\src\main\resources\bets.temp' is opened by 19628@LAPTOP-18ORFK1V

[2022-10-26 10:18:58 #3 type] 
Type domain.Team is not enhanced.

[2022-10-26 10:18:58 #4 type] 
Type domain.Event is not enhanced.

[2022-10-26 10:18:58 #5 type] 
Type domain.User is not enhanced.

[2022-10-26 10:18:58 #6 type] 
Type domain.Registered is not enhanced.

[2022-10-26 10:18:58 #7 type] 
Type domain.Sport is not enhanced.

[2022-10-26 10:18:58 #8 type] 
Type domain.Question is not enhanced.

[2022-10-26 10:18:58 #9 type] 
Type domain.Elkarrizketa is not enhanced.

[2022-10-26 10:18:58 #10 type] 
Type domain.Message is not enhanced.

[2022-10-26 10:18:58 #11 type] 
Type domain.KirolEstatistikak is not enhanced.

[2022-10-26 10:18:58 #12 type] 
Type domain.Jarraitzailea is not enhanced.

[2022-10-26 10:18:58 #13 type] 
Type domain.ApustuAnitza is not enhanced.

[2022-10-26 10:18:58 #14 type] 
Type domain.Transaction is not enhanced.

[2022-10-26 10:18:58 #15 type] 
Type domain.Quote is not enhanced.

[2022-10-26 10:18:58 #16 type] 
Type domain.Apustua is not enhanced.

[2022-10-26 10:18:58 #17 type] 
Type domain.Admin is not enhanced.

