------------------------------------------------------------------------------------------------------------------------

[2022-10-25 09:37:41 #1 store] 
Database 'C:\Users\34618\git\proiektuaSI2\src\main\resources\bets.temp' has been recovered (tr. 296-302)

[2022-10-25 09:37:41 #2 store] 
Database 'C:\Users\34618\git\proiektuaSI2\src\main\resources\bets.temp' is opened by 9992@LAPTOP-18ORFK1V

[2022-10-25 09:37:41 #3 type] 
Type domain.Team is not enhanced.

[2022-10-25 09:37:41 #4 type] 
Type domain.Event is not enhanced.

[2022-10-25 09:37:41 #5 type] 
Type domain.User is not enhanced.

[2022-10-25 09:37:41 #6 type] 
Type domain.Registered is not enhanced.

[2022-10-25 09:37:41 #7 type] 
Type domain.Sport is not enhanced.

[2022-10-25 09:37:41 #8 type] 
Type domain.Question is not enhanced.

[2022-10-25 09:37:41 #9 type] 
Type domain.Elkarrizketa is not enhanced.

[2022-10-25 09:37:41 #10 type] 
Type domain.Message is not enhanced.

[2022-10-25 09:37:41 #11 type] 
Type domain.KirolEstatistikak is not enhanced.

[2022-10-25 09:37:41 #12 type] 
Type domain.Jarraitzailea is not enhanced.

[2022-10-25 09:37:41 #13 type] 
Type domain.ApustuAnitza is not enhanced.

[2022-10-25 09:37:41 #14 type] 
Type domain.Transaction is not enhanced.

[2022-10-25 09:37:41 #15 type] 
Type domain.Quote is not enhanced.

[2022-10-25 09:37:41 #16 type] 
Type domain.Apustua is not enhanced.

[2022-10-25 09:37:41 #17 type] 
Type domain.Admin is not enhanced.

------------------------------------------------------------------------------------------------------------------------

[2022-10-25 09:38:16 #1 store] 
Database 'C:\Users\34618\git\proiektuaSI2\src\main\resources\bets.temp' has been recovered (tr. 303-309)

[2022-10-25 09:38:16 #2 store] 
Database 'C:\Users\34618\git\proiektuaSI2\src\main\resources\bets.temp' is opened by 16828@LAPTOP-18ORFK1V

[2022-10-25 09:38:17 #3 type] 
Type domain.Team is not enhanced.

[2022-10-25 09:38:17 #4 type] 
Type domain.Event is not enhanced.

[2022-10-25 09:38:17 #5 type] 
Type domain.User is not enhanced.

[2022-10-25 09:38:17 #6 type] 
Type domain.Registered is not enhanced.

[2022-10-25 09:38:17 #7 type] 
Type domain.Sport is not enhanced.

[2022-10-25 09:38:17 #8 type] 
Type domain.Question is not enhanced.

[2022-10-25 09:38:17 #9 type] 
Type domain.Elkarrizketa is not enhanced.

[2022-10-25 09:38:17 #10 type] 
Type domain.Message is not enhanced.

[2022-10-25 09:38:17 #11 type] 
Type domain.KirolEstatistikak is not enhanced.

[2022-10-25 09:38:17 #12 type] 
Type domain.Jarraitzailea is not enhanced.

[2022-10-25 09:38:17 #13 type] 
Type domain.ApustuAnitza is not enhanced.

[2022-10-25 09:38:17 #14 type] 
Type domain.Transaction is not enhanced.

[2022-10-25 09:38:17 #15 type] 
Type domain.Quote is not enhanced.

[2022-10-25 09:38:17 #16 type] 
Type domain.Apustua is not enhanced.

[2022-10-25 09:38:17 #17 type] 
Type domain.Admin is not enhanced.

------------------------------------------------------------------------------------------------------------------------

[2022-10-25 09:38:44 #1 store] 
Database 'C:\Users\34618\git\proiektuaSI2\src\main\resources\bets.temp' has been recovered (tr. 310-316)

[2022-10-25 09:38:45 #2 store] 
Database 'C:\Users\34618\git\proiektuaSI2\src\main\resources\bets.temp' is opened by 14932@LAPTOP-18ORFK1V

[2022-10-25 09:38:45 #3 type] 
Type domain.Team is not enhanced.

[2022-10-25 09:38:45 #4 type] 
Type domain.Event is not enhanced.

[2022-10-25 09:38:45 #5 type] 
Type domain.User is not enhanced.

[2022-10-25 09:38:45 #6 type] 
Type domain.Registered is not enhanced.

[2022-10-25 09:38:45 #7 type] 
Type domain.Sport is not enhanced.

[2022-10-25 09:38:45 #8 type] 
Type domain.Question is not enhanced.

[2022-10-25 09:38:45 #9 type] 
Type domain.Elkarrizketa is not enhanced.

[2022-10-25 09:38:45 #10 type] 
Type domain.Message is not enhanced.

[2022-10-25 09:38:45 #11 type] 
Type domain.KirolEstatistikak is not enhanced.

[2022-10-25 09:38:45 #12 type] 
Type domain.Jarraitzailea is not enhanced.

[2022-10-25 09:38:45 #13 type] 
Type domain.ApustuAnitza is not enhanced.

[2022-10-25 09:38:45 #14 type] 
Type domain.Transaction is not enhanced.

[2022-10-25 09:38:45 #15 type] 
Type domain.Quote is not enhanced.

[2022-10-25 09:38:45 #16 type] 
Type domain.Apustua is not enhanced.

[2022-10-25 09:38:45 #17 type] 
Type domain.Admin is not enhanced.

